app/build/intermediates/manifest_merge_blame_file/debug/manifest-merger-blame-debug-report.txt
1<?xml version="1.0" encoding="utf-8"?>
2<manifest xmlns:android="http://schemas.android.com/apk/res/android"
3    package="com.example.fastfoodstore"
4    android:versionCode="1"
5    android:versionName="1.0" >
6
7    <uses-sdk
8        android:minSdkVersion="16"
8-->src\main\AndroidManifest.xml
9        android:targetSdkVersion="30" />
9-->src\main\AndroidManifest.xml
10
11    <uses-permission android:name="android.permission.INTERNET" /> <!-- Although the *SdkVersion is captured in gradle build files, this is required for non gradle builds -->
11-->[com.firebaseui:firebase-ui-database:4.3.2] AndroidManifest.xml:11:5-67
11-->[com.firebaseui:firebase-ui-database:4.3.2] AndroidManifest.xml:11:22-64
12    <!-- <uses-sdk android:minSdkVersion="14"/> -->
13    <uses-permission android:name="android.permission.ACCESS_NETWORK_STATE" />
13-->[com.google.firebase:firebase-database:20.0.5] AndroidManifest.xml:25:5-79
13-->[com.google.firebase:firebase-database:20.0.5] AndroidManifest.xml:25:22-76
14
15    <application
15-->src\main\AndroidManifest.xml:6:5-76:19
16        android:allowBackup="true"
16-->src\main\AndroidManifest.xml:7:9-35
17        android:appComponentFactory="androidx.core.app.CoreComponentFactory"
17-->[androidx.core:core:1.3.2] AndroidManifest.xml:24:18-86
18        android:debuggable="true"
19        android:icon="@mipmap/ic_launcher"
19-->src\main\AndroidManifest.xml:8:9-43
20        android:label="@string/app_name"
20-->src\main\AndroidManifest.xml:9:9-41
21        android:roundIcon="@mipmap/ic_launcher_round"
21-->src\main\AndroidManifest.xml:10:9-54
22        android:supportsRtl="true"
22-->src\main\AndroidManifest.xml:11:9-35
23        android:testOnly="true"
24        android:theme="@style/AppTheme" >
24-->src\main\AndroidManifest.xml:12:9-40
25        <activity
25-->src\main\AndroidManifest.xml:13:9-21:20
26            android:name="com.example.fastfoodstore.SplashActivity"
26-->src\main\AndroidManifest.xml:14:13-43
27            android:exported="true" >
27-->src\main\AndroidManifest.xml:15:13-36
28            <intent-filter>
28-->src\main\AndroidManifest.xml:16:13-20:29
29                <action android:name="android.intent.action.MAIN" />
29-->src\main\AndroidManifest.xml:17:17-69
29-->src\main\AndroidManifest.xml:17:25-66
30
31                <category android:name="android.intent.category.LAUNCHER" />
31-->src\main\AndroidManifest.xml:19:17-77
31-->src\main\AndroidManifest.xml:19:27-74
32            </intent-filter>
33        </activity>
34        <activity
34-->src\main\AndroidManifest.xml:22:9-24:40
35            android:name="com.example.fastfoodstore.Feedback_ratings"
35-->src\main\AndroidManifest.xml:23:13-45
36            android:exported="false" />
36-->src\main\AndroidManifest.xml:24:13-37
37        <activity
37-->src\main\AndroidManifest.xml:25:9-27:40
38            android:name="com.example.fastfoodstore.order_confirmations"
38-->src\main\AndroidManifest.xml:26:13-48
39            android:exported="false" />
39-->src\main\AndroidManifest.xml:27:13-37
40        <activity
40-->src\main\AndroidManifest.xml:28:9-30:40
41            android:name="com.example.fastfoodstore.user_progfile_edit"
41-->src\main\AndroidManifest.xml:29:13-47
42            android:exported="false" />
42-->src\main\AndroidManifest.xml:30:13-37
43        <activity
43-->src\main\AndroidManifest.xml:31:9-33:40
44            android:name="com.example.fastfoodstore.profile_main"
44-->src\main\AndroidManifest.xml:32:13-41
45            android:exported="false" />
45-->src\main\AndroidManifest.xml:33:13-37
46        <activity
46-->src\main\AndroidManifest.xml:34:9-36:40
47            android:name="com.example.fastfoodstore.Select_Payment_Method"
47-->src\main\AndroidManifest.xml:35:13-50
48            android:exported="false" />
48-->src\main\AndroidManifest.xml:36:13-37
49        <activity
49-->src\main\AndroidManifest.xml:37:9-39:40
50            android:name="com.example.fastfoodstore.UserRegistration"
50-->src\main\AndroidManifest.xml:38:13-45
51            android:exported="false" />
51-->src\main\AndroidManifest.xml:39:13-37
52        <activity
52-->src\main\AndroidManifest.xml:40:9-42:40
53            android:name="com.example.fastfoodstore.UserLogin"
53-->src\main\AndroidManifest.xml:41:13-38
54            android:exported="false" />
54-->src\main\AndroidManifest.xml:42:13-37
55        <activity
55-->src\main\AndroidManifest.xml:43:9-45:40
56            android:name="com.example.fastfoodstore.UserHome"
56-->src\main\AndroidManifest.xml:44:13-37
57            android:exported="false" />
57-->src\main\AndroidManifest.xml:45:13-37
58        <activity
58-->src\main\AndroidManifest.xml:46:9-48:40
59            android:name="com.example.fastfoodstore.AdminRegister"
59-->src\main\AndroidManifest.xml:47:13-42
60            android:exported="false" />
60-->src\main\AndroidManifest.xml:48:13-37
61        <activity
61-->src\main\AndroidManifest.xml:49:9-51:38
62            android:name="com.example.fastfoodstore.MainActivity"
62-->src\main\AndroidManifest.xml:50:13-41
63            android:exported="true" />
63-->src\main\AndroidManifest.xml:51:13-36
64        <activity
64-->src\main\AndroidManifest.xml:52:9-54:40
65            android:name="com.example.fastfoodstore.purchaseSuccess"
65-->src\main\AndroidManifest.xml:53:13-44
66            android:exported="false" />
66-->src\main\AndroidManifest.xml:54:13-37
67        <activity
67-->src\main\AndroidManifest.xml:55:9-57:40
68            android:name="com.example.fastfoodstore.Payment"
68-->src\main\AndroidManifest.xml:56:13-36
69            android:exported="false" />
69-->src\main\AndroidManifest.xml:57:13-37
70        <activity
70-->src\main\AndroidManifest.xml:58:9-60:40
71            android:name="com.example.fastfoodstore.editAddress"
71-->src\main\AndroidManifest.xml:59:13-40
72            android:exported="false" />
72-->src\main\AndroidManifest.xml:60:13-37
73        <activity
73-->src\main\AndroidManifest.xml:61:9-63:40
74            android:name="com.example.fastfoodstore.Address"
74-->src\main\AndroidManifest.xml:62:13-36
75            android:exported="false" />
75-->src\main\AndroidManifest.xml:63:13-37
76        <activity
76-->src\main\AndroidManifest.xml:64:9-66:40
77            android:name="com.example.fastfoodstore.AdminHome"
77-->src\main\AndroidManifest.xml:65:13-38
78            android:exported="false" />
78-->src\main\AndroidManifest.xml:66:13-37
79        <activity
79-->src\main\AndroidManifest.xml:67:9-69:40
80            android:name="com.example.fastfoodstore.View"
80-->src\main\AndroidManifest.xml:68:13-33
81            android:exported="false" />
81-->src\main\AndroidManifest.xml:69:13-37
82        <activity
82-->src\main\AndroidManifest.xml:70:9-72:40
83            android:name="com.example.fastfoodstore.feedback_update"
83-->src\main\AndroidManifest.xml:71:13-44
84            android:exported="false" />
84-->src\main\AndroidManifest.xml:72:13-37
85        <activity
85-->src\main\AndroidManifest.xml:73:9-75:40
86            android:name="com.example.fastfoodstore.feedback"
86-->src\main\AndroidManifest.xml:74:13-37
87            android:exported="false" />
87-->src\main\AndroidManifest.xml:75:13-37
88
89        <service
89-->[com.google.firebase:firebase-database:20.0.5] AndroidManifest.xml:29:9-35:19
90            android:name="com.google.firebase.components.ComponentDiscoveryService"
90-->[com.google.firebase:firebase-database:20.0.5] AndroidManifest.xml:30:13-84
91            android:directBootAware="true"
91-->[com.google.firebase:firebase-common:20.1.1] AndroidManifest.xml:35:13-43
92            android:exported="false" >
92-->[com.google.firebase:firebase-database:20.0.5] AndroidManifest.xml:31:13-37
93            <meta-data
93-->[com.google.firebase:firebase-database:20.0.5] AndroidManifest.xml:32:13-34:85
94                android:name="com.google.firebase.components:com.google.firebase.database.DatabaseRegistrar"
94-->[com.google.firebase:firebase-database:20.0.5] AndroidManifest.xml:33:17-109
95                android:value="com.google.firebase.components.ComponentRegistrar" />
95-->[com.google.firebase:firebase-database:20.0.5] AndroidManifest.xml:34:17-82
96            <meta-data
96-->[com.google.firebase:firebase-storage:20.0.1] AndroidManifest.xml:33:13-35:85
97                android:name="com.google.firebase.components:com.google.firebase.storage.StorageRegistrar"
97-->[com.google.firebase:firebase-storage:20.0.1] AndroidManifest.xml:34:17-107
98                android:value="com.google.firebase.components.ComponentRegistrar" />
98-->[com.google.firebase:firebase-storage:20.0.1] AndroidManifest.xml:35:17-82
99            <meta-data
99-->[com.google.firebase:firebase-auth:21.0.4] AndroidManifest.xml:67:13-69:85
100                android:name="com.google.firebase.components:com.google.firebase.auth.FirebaseAuthRegistrar"
100-->[com.google.firebase:firebase-auth:21.0.4] AndroidManifest.xml:68:17-109
101                android:value="com.google.firebase.components.ComponentRegistrar" />
101-->[com.google.firebase:firebase-auth:21.0.4] AndroidManifest.xml:69:17-82
102        </service>
103
104        <activity
104-->[com.google.firebase:firebase-auth:21.0.4] AndroidManifest.xml:27:9-44:20
105            android:name="com.google.firebase.auth.internal.GenericIdpActivity"
105-->[com.google.firebase:firebase-auth:21.0.4] AndroidManifest.xml:28:13-80
106            android:excludeFromRecents="true"
106-->[com.google.firebase:firebase-auth:21.0.4] AndroidManifest.xml:29:13-46
107            android:exported="true"
107-->[com.google.firebase:firebase-auth:21.0.4] AndroidManifest.xml:30:13-36
108            android:launchMode="singleTask"
108-->[com.google.firebase:firebase-auth:21.0.4] AndroidManifest.xml:31:13-44
109            android:theme="@android:style/Theme.Translucent.NoTitleBar" >
109-->[com.google.firebase:firebase-auth:21.0.4] AndroidManifest.xml:32:13-72
110            <intent-filter>
110-->[com.google.firebase:firebase-auth:21.0.4] AndroidManifest.xml:33:13-43:29
111                <action android:name="android.intent.action.VIEW" />
111-->[com.google.firebase:firebase-auth:21.0.4] AndroidManifest.xml:34:17-69
111-->[com.google.firebase:firebase-auth:21.0.4] AndroidManifest.xml:34:25-66
112
113                <category android:name="android.intent.category.DEFAULT" />
113-->[com.google.firebase:firebase-auth:21.0.4] AndroidManifest.xml:36:17-76
113-->[com.google.firebase:firebase-auth:21.0.4] AndroidManifest.xml:36:27-73
114                <category android:name="android.intent.category.BROWSABLE" />
114-->[com.google.firebase:firebase-auth:21.0.4] AndroidManifest.xml:37:17-78
114-->[com.google.firebase:firebase-auth:21.0.4] AndroidManifest.xml:37:27-75
115
116                <data
116-->[com.google.firebase:firebase-auth:21.0.4] AndroidManifest.xml:39:17-42:51
117                    android:host="firebase.auth"
117-->[com.google.firebase:firebase-auth:21.0.4] AndroidManifest.xml:40:21-49
118                    android:path="/"
118-->[com.google.firebase:firebase-auth:21.0.4] AndroidManifest.xml:41:21-37
119                    android:scheme="genericidp" />
119-->[com.google.firebase:firebase-auth:21.0.4] AndroidManifest.xml:42:21-48
120            </intent-filter>
121        </activity>
122        <activity
122-->[com.google.firebase:firebase-auth:21.0.4] AndroidManifest.xml:45:9-62:20
123            android:name="com.google.firebase.auth.internal.RecaptchaActivity"
123-->[com.google.firebase:firebase-auth:21.0.4] AndroidManifest.xml:46:13-79
124            android:excludeFromRecents="true"
124-->[com.google.firebase:firebase-auth:21.0.4] AndroidManifest.xml:47:13-46
125            android:exported="true"
125-->[com.google.firebase:firebase-auth:21.0.4] AndroidManifest.xml:48:13-36
126            android:launchMode="singleTask"
126-->[com.google.firebase:firebase-auth:21.0.4] AndroidManifest.xml:49:13-44
127            android:theme="@android:style/Theme.Translucent.NoTitleBar" >
127-->[com.google.firebase:firebase-auth:21.0.4] AndroidManifest.xml:50:13-72
128            <intent-filter>
128-->[com.google.firebase:firebase-auth:21.0.4] AndroidManifest.xml:51:13-61:29
129                <action android:name="android.intent.action.VIEW" />
129-->[com.google.firebase:firebase-auth:21.0.4] AndroidManifest.xml:34:17-69
129-->[com.google.firebase:firebase-auth:21.0.4] AndroidManifest.xml:34:25-66
130
131                <category android:name="android.intent.category.DEFAULT" />
131-->[com.google.firebase:firebase-auth:21.0.4] AndroidManifest.xml:36:17-76
131-->[com.google.firebase:firebase-auth:21.0.4] AndroidManifest.xml:36:27-73
132                <category android:name="android.intent.category.BROWSABLE" />
132-->[com.google.firebase:firebase-auth:21.0.4] AndroidManifest.xml:37:17-78
132-->[com.google.firebase:firebase-auth:21.0.4] AndroidManifest.xml:37:27-75
133
134                <data
134-->[com.google.firebase:firebase-auth:21.0.4] AndroidManifest.xml:39:17-42:51
135                    android:host="firebase.auth"
135-->[com.google.firebase:firebase-auth:21.0.4] AndroidManifest.xml:40:21-49
136                    android:path="/"
136-->[com.google.firebase:firebase-auth:21.0.4] AndroidManifest.xml:41:21-37
137                    android:scheme="recaptcha" />
137-->[com.google.firebase:firebase-auth:21.0.4] AndroidManifest.xml:42:21-48
138            </intent-filter>
139        </activity>
140
141        <provider
141-->[com.squareup.picasso:picasso:2.71828] AndroidManifest.xml:8:9-11:40
142            android:name="com.squareup.picasso.PicassoProvider"
142-->[com.squareup.picasso:picasso:2.71828] AndroidManifest.xml:9:13-64
143            android:authorities="com.example.fastfoodstore.com.squareup.picasso"
143-->[com.squareup.picasso:picasso:2.71828] AndroidManifest.xml:10:13-72
144            android:exported="false" />
144-->[com.squareup.picasso:picasso:2.71828] AndroidManifest.xml:11:13-37
145        <provider
145-->[com.google.firebase:firebase-common:20.1.1] AndroidManifest.xml:26:9-31:39
146            android:name="com.google.firebase.provider.FirebaseInitProvider"
146-->[com.google.firebase:firebase-common:20.1.1] AndroidManifest.xml:27:13-77
147            android:authorities="com.example.fastfoodstore.firebaseinitprovider"
147-->[com.google.firebase:firebase-common:20.1.1] AndroidManifest.xml:28:13-72
148            android:directBootAware="true"
148-->[com.google.firebase:firebase-common:20.1.1] AndroidManifest.xml:29:13-43
149            android:exported="false"
149-->[com.google.firebase:firebase-common:20.1.1] AndroidManifest.xml:30:13-37
150            android:initOrder="100" />
150-->[com.google.firebase:firebase-common:20.1.1] AndroidManifest.xml:31:13-36
151
152        <activity
152-->[com.google.android.gms:play-services-base:18.0.1] AndroidManifest.xml:20:9-22:45
153            android:name="com.google.android.gms.common.api.GoogleApiActivity"
153-->[com.google.android.gms:play-services-base:18.0.1] AndroidManifest.xml:20:19-85
154            android:exported="false"
154-->[com.google.android.gms:play-services-base:18.0.1] AndroidManifest.xml:22:19-43
155            android:theme="@android:style/Theme.Translucent.NoTitleBar" />
155-->[com.google.android.gms:play-services-base:18.0.1] AndroidManifest.xml:21:19-78
156
157        <meta-data
157-->[com.google.android.gms:play-services-basement:18.0.0] AndroidManifest.xml:21:9-23:69
158            android:name="com.google.android.gms.version"
158-->[com.google.android.gms:play-services-basement:18.0.0] AndroidManifest.xml:22:13-58
159            android:value="@integer/google_play_services_version" />
159-->[com.google.android.gms:play-services-basement:18.0.0] AndroidManifest.xml:23:13-66
160    </application>
161
162</manifest>